<?xml version="1.0" encoding="UTF-8" ?>
<testsuite tests="22" failures="4" name="TestSuite" time="0.476" errors="0" skipped="3">
  <properties>
    <property name="java.runtime.name" value="Java(TM) SE Runtime Environment"/>
    <property name="sun.boot.library.path" value="C:\Program Files\Java\jdk1.8.0_151\jre\bin"/>
    <property name="java.vm.version" value="25.151-b12"/>
    <property name="java.vm.vendor" value="Oracle Corporation"/>
    <property name="maven.multiModuleProjectDirectory" value="E:\eclipse projects\frameworks\TestNG"/>
    <property name="java.vendor.url" value="http://java.oracle.com/"/>
    <property name="path.separator" value=";"/>
    <property name="guice.disable.misplaced.annotation.check" value="true"/>
    <property name="java.vm.name" value="Java HotSpot(TM) 64-Bit Server VM"/>
    <property name="file.encoding.pkg" value="sun.io"/>
    <property name="user.script" value=""/>
    <property name="user.country" value="US"/>
    <property name="sun.java.launcher" value="SUN_STANDARD"/>
    <property name="sun.os.patch.level" value=""/>
    <property name="java.vm.specification.name" value="Java Virtual Machine Specification"/>
    <property name="user.dir" value="E:\eclipse projects\frameworks\TestNG"/>
    <property name="java.runtime.version" value="1.8.0_151-b12"/>
    <property name="java.awt.graphicsenv" value="sun.awt.Win32GraphicsEnvironment"/>
    <property name="java.endorsed.dirs" value="C:\Program Files\Java\jdk1.8.0_151\jre\lib\endorsed"/>
    <property name="os.arch" value="amd64"/>
    <property name="java.io.tmpdir" value="C:\Users\Sarvan\AppData\Local\Temp\"/>
    <property name="line.separator" value="
"/>
    <property name="java.vm.specification.vendor" value="Oracle Corporation"/>
    <property name="user.variant" value=""/>
    <property name="os.name" value="Windows 10"/>
    <property name="classworlds.conf" value="C:\Users\Sarvan\eclipse-workspace\.metadata\.plugins\org.eclipse.m2e.launching\launches\m2conf88568026603431250.tmp"/>
    <property name="sun.jnu.encoding" value="Cp1252"/>
    <property name="java.library.path" value="C:\Program Files\Java\jdk1.8.0_151\bin;C:\WINDOWS\Sun\Java\bin;C:\WINDOWS\system32;C:\WINDOWS;C:/Program Files/Java/jre1.8.0_151/bin/server;C:/Program Files/Java/jre1.8.0_151/bin;C:/Program Files/Java/jre1.8.0_151/lib/amd64;C:\ProgramData\Oracle\Java\javapath;C:\WINDOWS\system32;C:\WINDOWS;C:\WINDOWS\System32\Wbem;C:\WINDOWS\System32\WindowsPowerShell\v1.0\;C:\Program Files\Git\cmd;C:\Users\Sarvan\AppData\Local\Microsoft\WindowsApps;C:\Program Files\Java\jdk1.8.0_151\bin;C:\Users\Sarvan\Downloads\apache-maven-3.5.2-bin\apache-maven-3.5.2\bin;;E:\softwares\eclipse-java-oxygen-1a-win32-x86_64\eclipse;;."/>
    <property name="java.specification.name" value="Java Platform API Specification"/>
    <property name="java.class.version" value="52.0"/>
    <property name="sun.management.compiler" value="HotSpot 64-Bit Tiered Compilers"/>
    <property name="os.version" value="10.0"/>
    <property name="user.home" value="C:\Users\Sarvan"/>
    <property name="user.timezone" value="Asia/Calcutta"/>
    <property name="java.awt.printerjob" value="sun.awt.windows.WPrinterJob"/>
    <property name="java.specification.version" value="1.8"/>
    <property name="file.encoding" value="Cp1252"/>
    <property name="user.name" value="Sarvan"/>
    <property name="java.class.path" value="E:\softwares\eclipse-java-oxygen-1a-win32-x86_64\eclipse\plugins\org.eclipse.m2e.maven.runtime_1.8.2.20171007-0216\jars\plexus-classworlds-2.5.2.jar"/>
    <property name="java.vm.specification.version" value="1.8"/>
    <property name="sun.arch.data.model" value="64"/>
    <property name="java.home" value="C:\Program Files\Java\jdk1.8.0_151\jre"/>
    <property name="sun.java.command" value="org.codehaus.plexus.classworlds.launcher.Launcher -B package"/>
    <property name="java.specification.vendor" value="Oracle Corporation"/>
    <property name="user.language" value="en"/>
    <property name="awt.toolkit" value="sun.awt.windows.WToolkit"/>
    <property name="java.vm.info" value="mixed mode"/>
    <property name="java.version" value="1.8.0_151"/>
    <property name="java.ext.dirs" value="C:\Program Files\Java\jdk1.8.0_151\jre\lib\ext;C:\WINDOWS\Sun\Java\lib\ext"/>
    <property name="sun.boot.class.path" value="C:\Program Files\Java\jdk1.8.0_151\jre\lib\resources.jar;C:\Program Files\Java\jdk1.8.0_151\jre\lib\rt.jar;C:\Program Files\Java\jdk1.8.0_151\jre\lib\sunrsasign.jar;C:\Program Files\Java\jdk1.8.0_151\jre\lib\jsse.jar;C:\Program Files\Java\jdk1.8.0_151\jre\lib\jce.jar;C:\Program Files\Java\jdk1.8.0_151\jre\lib\charsets.jar;C:\Program Files\Java\jdk1.8.0_151\jre\lib\jfr.jar;C:\Program Files\Java\jdk1.8.0_151\jre\classes"/>
    <property name="java.vendor" value="Oracle Corporation"/>
    <property name="maven.home" value="E:\eclipse projects\frameworks\TestNG\EMBEDDED"/>
    <property name="file.separator" value="\"/>
    <property name="java.vendor.url.bug" value="http://bugreport.sun.com/bugreport/"/>
    <property name="sun.cpu.endian" value="little"/>
    <property name="sun.io.unicode.encoding" value="UnicodeLittle"/>
    <property name="sun.desktop" value="windows"/>
    <property name="sun.cpu.isalist" value="amd64"/>
  </properties>
  <testcase classname="com.org.CIBC.TestngDemo" name="test1" time="0.002"/>
  <testcase classname="com.org.CIBC.TestngDemo" name="test2" time="0.005">
    <failure message="expected [2] but found [1]" type="java.lang.AssertionError">java.lang.AssertionError: expected [2] but found [1]
	at org.testng.Assert.fail(Assert.java:94)
	at org.testng.Assert.failNotEquals(Assert.java:513)
	at org.testng.Assert.assertEqualsImpl(Assert.java:135)
	at org.testng.Assert.assertEquals(Assert.java:116)
	at org.testng.Assert.assertEquals(Assert.java:389)
	at org.testng.Assert.assertEquals(Assert.java:399)
	at com.org.CIBC.TestngDemo.test2(TestngDemo.java:24)
</failure>
    <system-out>It runs after each Test
It runs before each Test
This is test2
</system-out>
  </testcase>
  <testcase classname="com.org.CIBC.TestngDemo" name="test5" time="0.001">
    <failure message="expected [2] but found [1]" type="java.lang.AssertionError">java.lang.AssertionError: expected [2] but found [1]
	at org.testng.Assert.fail(Assert.java:94)
	at org.testng.Assert.failNotEquals(Assert.java:513)
	at org.testng.Assert.assertEqualsImpl(Assert.java:135)
	at org.testng.Assert.assertEquals(Assert.java:116)
	at org.testng.Assert.assertEquals(Assert.java:389)
	at org.testng.Assert.assertEquals(Assert.java:399)
	at com.org.CIBC.TestngDemo.test5(TestngDemo.java:37)
</failure>
    <system-out>It runs after each Test
It runs before each Test
This is test5
</system-out>
  </testcase>
  <testcase classname="com.org.CIBC.TestngDemo1" name="test1" time="0"/>
  <testcase classname="com.org.CIBC.TestngDemo1" name="test2" time="0.005">
    <failure message="expected [2] but found [1]" type="java.lang.AssertionError">java.lang.AssertionError: expected [2] but found [1]
	at org.testng.Assert.fail(Assert.java:94)
	at org.testng.Assert.failNotEquals(Assert.java:513)
	at org.testng.Assert.assertEqualsImpl(Assert.java:135)
	at org.testng.Assert.assertEquals(Assert.java:116)
	at org.testng.Assert.assertEquals(Assert.java:389)
	at org.testng.Assert.assertEquals(Assert.java:399)
	at com.org.CIBC.TestngDemo1.test2(TestngDemo1.java:24)
</failure>
    <system-out>It runs after each Test
It runs before each Test
This is test2
</system-out>
  </testcase>
  <testcase classname="com.org.CIBC.TestngDemo1" name="test5" time="0.001">
    <failure message="expected [2] but found [1]" type="java.lang.AssertionError">java.lang.AssertionError: expected [2] but found [1]
	at org.testng.Assert.fail(Assert.java:94)
	at org.testng.Assert.failNotEquals(Assert.java:513)
	at org.testng.Assert.assertEqualsImpl(Assert.java:135)
	at org.testng.Assert.assertEquals(Assert.java:116)
	at org.testng.Assert.assertEquals(Assert.java:389)
	at org.testng.Assert.assertEquals(Assert.java:399)
	at com.org.CIBC.TestngDemo1.test5(TestngDemo1.java:37)
</failure>
    <system-out>It runs after each Test
It runs before each Test
This is test5
</system-out>
  </testcase>
  <testcase classname="com.org.CIBC.ParameterTest" name="dpDataProcess" time="0"/>
  <testcase classname="com.org.CIBC.ParameterTest" name="dpDataProcess" time="0.001"/>
  <testcase classname="com.org.CIBC.ParameterTest" name="dpDataProcess" time="0"/>
  <testcase classname="com.org.CIBC.ParameterTest" name="dpDataProcess" time="0.001"/>
  <testcase classname="com.org.CIBC.ParameterTest" name="getPropertyFileData" time="0"/>
  <testcase classname="com.org.CIBC.ParameterTest" name="processSheet" time="0"/>
  <testcase classname="com.org.CIBC.ParameterTest" name="processSheet" time="0"/>
  <testcase classname="com.org.CIBC.ParameterTest" name="processSheet" time="0"/>
  <testcase classname="com.org.CIBC.ParameterTest" name="readXML" time="0.041"/>
  <testcase classname="com.org.CIBC.ParameterTest" name="setPropertyFileData" time="0.004"/>
  <testcase classname="com.org.CIBC.ParameterTest" name="writeSheet" time="0.121"/>
  <testcase classname="com.org.CIBC.ParameterTest" name="writeXML" time="0.072"/>
  <testcase classname="com.org.CIBC.TestngDemo" name="test4" time="0.074">
    <skipped/>
  </testcase>
  <testcase classname="com.org.CIBC.TestngDemo" name="test3" time="0.074">
    <skipped/>
  </testcase>
  <testcase classname="com.org.CIBC.TestngDemo1" name="test3" time="0.074">
    <skipped/>
    <system-out>It runs after class
</system-out>
  </testcase>
  <testcase classname="com.org.CIBC.TestngDemo1" name="test4" time="0"/>
</testsuite>