<?xml version="1.0" encoding="UTF-8"?>
<testng-results skipped="3" failed="4" ignored="0" total="22" passed="15">
  <reporter-output>
  </reporter-output>
  <suite name="Command line suite" duration-ms="1027" started-at="2017-11-05T05:11:29Z" finished-at="2017-11-05T05:11:30Z">
    <groups>
      <group name="Regression">
        <method signature="TestngDemo.test1()[pri:0, instance:com.org.CIBC.TestngDemo@7f9a81e8]" name="test1" class="com.org.CIBC.TestngDemo"/>
        <method signature="TestngDemo.test2()[pri:0, instance:com.org.CIBC.TestngDemo@7f9a81e8]" name="test2" class="com.org.CIBC.TestngDemo"/>
        <method signature="TestngDemo1.test1()[pri:0, instance:com.org.CIBC.TestngDemo1@51081592]" name="test1" class="com.org.CIBC.TestngDemo1"/>
        <method signature="TestngDemo1.test2()[pri:0, instance:com.org.CIBC.TestngDemo1@51081592]" name="test2" class="com.org.CIBC.TestngDemo1"/>
      </group> <!-- Regression -->
    </groups>
    <test name="Command line test" duration-ms="1027" started-at="2017-11-05T05:11:29Z" finished-at="2017-11-05T05:11:30Z">
      <class name="com.org.CIBC.TestngDemo1">
        <test-method status="PASS" signature="beforeSuite()[pri:0, instance:com.org.CIBC.TestngDemo1@51081592]" name="beforeSuite" is-config="true" duration-ms="9" started-at="2017-11-05T10:41:29Z" finished-at="2017-11-05T10:41:29Z">
          <reporter-output>
          </reporter-output>
        </test-method> <!-- beforeSuite -->
        <test-method status="PASS" signature="beforeClass()[pri:0, instance:com.org.CIBC.TestngDemo1@51081592]" name="beforeClass" is-config="true" duration-ms="1" started-at="2017-11-05T10:41:29Z" finished-at="2017-11-05T10:41:29Z">
          <reporter-output>
          </reporter-output>
        </test-method> <!-- beforeClass -->
        <test-method status="PASS" signature="beforeMethod()[pri:0, instance:com.org.CIBC.TestngDemo1@51081592]" name="beforeMethod" is-config="true" duration-ms="1" started-at="2017-11-05T10:41:29Z" description="This method is to print something" finished-at="2017-11-05T10:41:29Z">
          <reporter-output>
          </reporter-output>
        </test-method> <!-- beforeMethod -->
        <test-method status="PASS" signature="test1()[pri:0, instance:com.org.CIBC.TestngDemo1@51081592]" name="test1" duration-ms="0" started-at="2017-11-05T10:41:29Z" description="test1 to print something" finished-at="2017-11-05T10:41:29Z">
          <reporter-output>
          </reporter-output>
        </test-method> <!-- test1 -->
        <test-method status="PASS" signature="afterMethod()[pri:0, instance:com.org.CIBC.TestngDemo1@51081592]" name="afterMethod" is-config="true" duration-ms="1" started-at="2017-11-05T10:41:29Z" finished-at="2017-11-05T10:41:29Z">
          <reporter-output>
          </reporter-output>
        </test-method> <!-- afterMethod -->
        <test-method status="PASS" signature="beforeMethod()[pri:0, instance:com.org.CIBC.TestngDemo1@51081592]" name="beforeMethod" is-config="true" duration-ms="2" started-at="2017-11-05T10:41:29Z" description="This method is to print something" finished-at="2017-11-05T10:41:29Z">
          <reporter-output>
          </reporter-output>
        </test-method> <!-- beforeMethod -->
        <test-method status="FAIL" signature="test2()[pri:0, instance:com.org.CIBC.TestngDemo1@51081592]" name="test2" duration-ms="2" started-at="2017-11-05T10:41:29Z" finished-at="2017-11-05T10:41:29Z">
          <exception class="java.lang.AssertionError">
            <message>
              <![CDATA[expected [2] but found [1]]]>
            </message>
            <full-stacktrace>
              <![CDATA[java.lang.AssertionError: expected [2] but found [1]
	at org.testng.Assert.fail(Assert.java:94)
	at org.testng.Assert.failNotEquals(Assert.java:513)
	at org.testng.Assert.assertEqualsImpl(Assert.java:135)
	at org.testng.Assert.assertEquals(Assert.java:116)
	at org.testng.Assert.assertEquals(Assert.java:389)
	at org.testng.Assert.assertEquals(Assert.java:399)
	at com.org.CIBC.TestngDemo1.test2(TestngDemo1.java:24)
	at sun.reflect.NativeMethodAccessorImpl.invoke0(Native Method)
	at sun.reflect.NativeMethodAccessorImpl.invoke(NativeMethodAccessorImpl.java:62)
	at sun.reflect.DelegatingMethodAccessorImpl.invoke(DelegatingMethodAccessorImpl.java:43)
	at java.lang.reflect.Method.invoke(Method.java:498)
	at org.testng.internal.MethodInvocationHelper.invokeMethod(MethodInvocationHelper.java:104)
	at org.testng.internal.Invoker.invokeMethod(Invoker.java:645)
	at org.testng.internal.Invoker.invokeTestMethod(Invoker.java:851)
	at org.testng.internal.Invoker.invokeTestMethods(Invoker.java:1177)
	at org.testng.internal.TestMethodWorker.invokeTestMethods(TestMethodWorker.java:129)
	at org.testng.internal.TestMethodWorker.run(TestMethodWorker.java:112)
	at org.testng.TestRunner.privateRun(TestRunner.java:756)
	at org.testng.TestRunner.run(TestRunner.java:610)
	at org.testng.SuiteRunner.runTest(SuiteRunner.java:387)
	at org.testng.SuiteRunner.runSequentially(SuiteRunner.java:382)
	at org.testng.SuiteRunner.privateRun(SuiteRunner.java:340)
	at org.testng.SuiteRunner.run(SuiteRunner.java:289)
	at org.testng.SuiteRunnerWorker.runSuite(SuiteRunnerWorker.java:52)
	at org.testng.SuiteRunnerWorker.run(SuiteRunnerWorker.java:86)
	at org.testng.TestNG.runSuitesSequentially(TestNG.java:1293)
	at org.testng.TestNG.runSuitesLocally(TestNG.java:1218)
	at org.testng.TestNG.runSuites(TestNG.java:1133)
	at org.testng.TestNG.run(TestNG.java:1104)
	at org.apache.maven.surefire.testng.TestNGExecutor.run(TestNGExecutor.java:77)
	at org.apache.maven.surefire.testng.TestNGDirectoryTestSuite.executeMulti(TestNGDirectoryTestSuite.java:159)
	at org.apache.maven.surefire.testng.TestNGDirectoryTestSuite.execute(TestNGDirectoryTestSuite.java:99)
	at org.apache.maven.surefire.testng.TestNGProvider.invoke(TestNGProvider.java:106)
	at sun.reflect.NativeMethodAccessorImpl.invoke0(Native Method)
	at sun.reflect.NativeMethodAccessorImpl.invoke(NativeMethodAccessorImpl.java:62)
	at sun.reflect.DelegatingMethodAccessorImpl.invoke(DelegatingMethodAccessorImpl.java:43)
	at java.lang.reflect.Method.invoke(Method.java:498)
	at org.apache.maven.surefire.util.ReflectionUtils.invokeMethodWithArray(ReflectionUtils.java:189)
	at org.apache.maven.surefire.booter.ProviderFactory$ProviderProxy.invoke(ProviderFactory.java:165)
	at org.apache.maven.surefire.booter.ProviderFactory.invokeProvider(ProviderFactory.java:85)
	at org.apache.maven.surefire.booter.ForkedBooter.runSuitesInProcess(ForkedBooter.java:115)
	at org.apache.maven.surefire.booter.ForkedBooter.main(ForkedBooter.java:75)
]]>
            </full-stacktrace>
          </exception> <!-- java.lang.AssertionError -->
          <reporter-output>
          </reporter-output>
        </test-method> <!-- test2 -->
        <test-method status="PASS" signature="afterMethod()[pri:0, instance:com.org.CIBC.TestngDemo1@51081592]" name="afterMethod" is-config="true" duration-ms="0" started-at="2017-11-05T10:41:29Z" finished-at="2017-11-05T10:41:29Z">
          <reporter-output>
          </reporter-output>
        </test-method> <!-- afterMethod -->
        <test-method status="PASS" signature="beforeMethod()[pri:0, instance:com.org.CIBC.TestngDemo1@51081592]" name="beforeMethod" is-config="true" duration-ms="0" started-at="2017-11-05T10:41:29Z" description="This method is to print something" finished-at="2017-11-05T10:41:29Z">
          <reporter-output>
          </reporter-output>
        </test-method> <!-- beforeMethod -->
        <test-method status="FAIL" signature="test5()[pri:0, instance:com.org.CIBC.TestngDemo1@51081592]" name="test5" duration-ms="0" started-at="2017-11-05T10:41:29Z" finished-at="2017-11-05T10:41:29Z">
          <exception class="java.lang.AssertionError">
            <message>
              <![CDATA[expected [2] but found [1]]]>
            </message>
            <full-stacktrace>
              <![CDATA[java.lang.AssertionError: expected [2] but found [1]
	at org.testng.Assert.fail(Assert.java:94)
	at org.testng.Assert.failNotEquals(Assert.java:513)
	at org.testng.Assert.assertEqualsImpl(Assert.java:135)
	at org.testng.Assert.assertEquals(Assert.java:116)
	at org.testng.Assert.assertEquals(Assert.java:389)
	at org.testng.Assert.assertEquals(Assert.java:399)
	at com.org.CIBC.TestngDemo1.test5(TestngDemo1.java:37)
	at sun.reflect.NativeMethodAccessorImpl.invoke0(Native Method)
	at sun.reflect.NativeMethodAccessorImpl.invoke(NativeMethodAccessorImpl.java:62)
	at sun.reflect.DelegatingMethodAccessorImpl.invoke(DelegatingMethodAccessorImpl.java:43)
	at java.lang.reflect.Method.invoke(Method.java:498)
	at org.testng.internal.MethodInvocationHelper.invokeMethod(MethodInvocationHelper.java:104)
	at org.testng.internal.Invoker.invokeMethod(Invoker.java:645)
	at org.testng.internal.Invoker.invokeTestMethod(Invoker.java:851)
	at org.testng.internal.Invoker.invokeTestMethods(Invoker.java:1177)
	at org.testng.internal.TestMethodWorker.invokeTestMethods(TestMethodWorker.java:129)
	at org.testng.internal.TestMethodWorker.run(TestMethodWorker.java:112)
	at org.testng.TestRunner.privateRun(TestRunner.java:756)
	at org.testng.TestRunner.run(TestRunner.java:610)
	at org.testng.SuiteRunner.runTest(SuiteRunner.java:387)
	at org.testng.SuiteRunner.runSequentially(SuiteRunner.java:382)
	at org.testng.SuiteRunner.privateRun(SuiteRunner.java:340)
	at org.testng.SuiteRunner.run(SuiteRunner.java:289)
	at org.testng.SuiteRunnerWorker.runSuite(SuiteRunnerWorker.java:52)
	at org.testng.SuiteRunnerWorker.run(SuiteRunnerWorker.java:86)
	at org.testng.TestNG.runSuitesSequentially(TestNG.java:1293)
	at org.testng.TestNG.runSuitesLocally(TestNG.java:1218)
	at org.testng.TestNG.runSuites(TestNG.java:1133)
	at org.testng.TestNG.run(TestNG.java:1104)
	at org.apache.maven.surefire.testng.TestNGExecutor.run(TestNGExecutor.java:77)
	at org.apache.maven.surefire.testng.TestNGDirectoryTestSuite.executeMulti(TestNGDirectoryTestSuite.java:159)
	at org.apache.maven.surefire.testng.TestNGDirectoryTestSuite.execute(TestNGDirectoryTestSuite.java:99)
	at org.apache.maven.surefire.testng.TestNGProvider.invoke(TestNGProvider.java:106)
	at sun.reflect.NativeMethodAccessorImpl.invoke0(Native Method)
	at sun.reflect.NativeMethodAccessorImpl.invoke(NativeMethodAccessorImpl.java:62)
	at sun.reflect.DelegatingMethodAccessorImpl.invoke(DelegatingMethodAccessorImpl.java:43)
	at java.lang.reflect.Method.invoke(Method.java:498)
	at org.apache.maven.surefire.util.ReflectionUtils.invokeMethodWithArray(ReflectionUtils.java:189)
	at org.apache.maven.surefire.booter.ProviderFactory$ProviderProxy.invoke(ProviderFactory.java:165)
	at org.apache.maven.surefire.booter.ProviderFactory.invokeProvider(ProviderFactory.java:85)
	at org.apache.maven.surefire.booter.ForkedBooter.runSuitesInProcess(ForkedBooter.java:115)
	at org.apache.maven.surefire.booter.ForkedBooter.main(ForkedBooter.java:75)
]]>
            </full-stacktrace>
          </exception> <!-- java.lang.AssertionError -->
          <reporter-output>
          </reporter-output>
        </test-method> <!-- test5 -->
        <test-method status="PASS" signature="afterMethod()[pri:0, instance:com.org.CIBC.TestngDemo1@51081592]" name="afterMethod" is-config="true" duration-ms="0" started-at="2017-11-05T10:41:29Z" finished-at="2017-11-05T10:41:29Z">
          <reporter-output>
          </reporter-output>
        </test-method> <!-- afterMethod -->
        <test-method status="SKIP" signature="test3()[pri:0, instance:com.org.CIBC.TestngDemo1@51081592]" name="test3" duration-ms="0" depends-on-groups="Regression" started-at="2017-11-05T10:41:30Z" finished-at="2017-11-05T10:41:30Z">
          <exception class="java.lang.Throwable">
            <message>
              <![CDATA[Method TestngDemo1.test3()[pri:0, instance:com.org.CIBC.TestngDemo1@51081592] depends on not successfully finished methods in group "Regression"]]>
            </message>
            <full-stacktrace>
              <![CDATA[java.lang.Throwable: Method TestngDemo1.test3()[pri:0, instance:com.org.CIBC.TestngDemo1@51081592] depends on not successfully finished methods in group "Regression"
	at org.testng.internal.Invoker.invokeTestMethods(Invoker.java:1068)
	at org.testng.internal.TestMethodWorker.invokeTestMethods(TestMethodWorker.java:129)
	at org.testng.internal.TestMethodWorker.run(TestMethodWorker.java:112)
	at org.testng.TestRunner.privateRun(TestRunner.java:756)
	at org.testng.TestRunner.run(TestRunner.java:610)
	at org.testng.SuiteRunner.runTest(SuiteRunner.java:387)
	at org.testng.SuiteRunner.runSequentially(SuiteRunner.java:382)
	at org.testng.SuiteRunner.privateRun(SuiteRunner.java:340)
	at org.testng.SuiteRunner.run(SuiteRunner.java:289)
	at org.testng.SuiteRunnerWorker.runSuite(SuiteRunnerWorker.java:52)
	at org.testng.SuiteRunnerWorker.run(SuiteRunnerWorker.java:86)
	at org.testng.TestNG.runSuitesSequentially(TestNG.java:1293)
	at org.testng.TestNG.runSuitesLocally(TestNG.java:1218)
	at org.testng.TestNG.runSuites(TestNG.java:1133)
	at org.testng.TestNG.run(TestNG.java:1104)
	at org.apache.maven.surefire.testng.TestNGExecutor.run(TestNGExecutor.java:77)
	at org.apache.maven.surefire.testng.TestNGDirectoryTestSuite.executeMulti(TestNGDirectoryTestSuite.java:159)
	at org.apache.maven.surefire.testng.TestNGDirectoryTestSuite.execute(TestNGDirectoryTestSuite.java:99)
	at org.apache.maven.surefire.testng.TestNGProvider.invoke(TestNGProvider.java:106)
	at sun.reflect.NativeMethodAccessorImpl.invoke0(Native Method)
	at sun.reflect.NativeMethodAccessorImpl.invoke(NativeMethodAccessorImpl.java:62)
	at sun.reflect.DelegatingMethodAccessorImpl.invoke(DelegatingMethodAccessorImpl.java:43)
	at java.lang.reflect.Method.invoke(Method.java:498)
	at org.apache.maven.surefire.util.ReflectionUtils.invokeMethodWithArray(ReflectionUtils.java:189)
	at org.apache.maven.surefire.booter.ProviderFactory$ProviderProxy.invoke(ProviderFactory.java:165)
	at org.apache.maven.surefire.booter.ProviderFactory.invokeProvider(ProviderFactory.java:85)
	at org.apache.maven.surefire.booter.ForkedBooter.runSuitesInProcess(ForkedBooter.java:115)
	at org.apache.maven.surefire.booter.ForkedBooter.main(ForkedBooter.java:75)
]]>
            </full-stacktrace>
          </exception> <!-- java.lang.Throwable -->
          <reporter-output>
          </reporter-output>
        </test-method> <!-- test3 -->
        <test-method status="PASS" signature="afterMethod()[pri:0, instance:com.org.CIBC.TestngDemo1@51081592]" name="afterMethod" is-config="true" duration-ms="0" started-at="2017-11-05T10:41:30Z" finished-at="2017-11-05T10:41:30Z">
          <reporter-output>
          </reporter-output>
        </test-method> <!-- afterMethod -->
        <test-method status="PASS" signature="afterClass()[pri:0, instance:com.org.CIBC.TestngDemo1@51081592]" name="afterClass" is-config="true" duration-ms="0" started-at="2017-11-05T10:41:30Z" finished-at="2017-11-05T10:41:30Z">
          <reporter-output>
          </reporter-output>
        </test-method> <!-- afterClass -->
        <test-method status="PASS" signature="beforeMethod()[pri:0, instance:com.org.CIBC.TestngDemo1@51081592]" name="beforeMethod" is-config="true" duration-ms="0" started-at="2017-11-05T10:41:30Z" description="This method is to print something" finished-at="2017-11-05T10:41:30Z">
          <reporter-output>
          </reporter-output>
        </test-method> <!-- beforeMethod -->
        <test-method status="PASS" signature="test4()[pri:0, instance:com.org.CIBC.TestngDemo1@51081592]" name="test4" duration-ms="0" started-at="2017-11-05T10:41:30Z" depends-on-methods="com.org.CIBC.TestngDemo1.test5" finished-at="2017-11-05T10:41:30Z">
          <reporter-output>
          </reporter-output>
        </test-method> <!-- test4 -->
      </class> <!-- com.org.CIBC.TestngDemo1 -->
      <class name="com.org.CIBC.ParameterTest">
        <test-method status="PASS" signature="dpDataProcess(java.lang.String, java.lang.String, int)[pri:0, instance:com.org.CIBC.ParameterTest@9629756]" name="dpDataProcess" duration-ms="1" started-at="2017-11-05T10:41:29Z" data-provider="dp" finished-at="2017-11-05T10:41:29Z">
          <params>
            <param index="0">
              <value>
                <![CDATA[Effective Java]]>
              </value>
            </param>
            <param index="1">
              <value>
                <![CDATA[Joshua Bloch]]>
              </value>
            </param>
            <param index="2">
              <value>
                <![CDATA[36]]>
              </value>
            </param>
          </params>
          <reporter-output>
          </reporter-output>
        </test-method> <!-- dpDataProcess -->
        <test-method status="PASS" signature="dpDataProcess(java.lang.String, java.lang.String, int)[pri:0, instance:com.org.CIBC.ParameterTest@9629756]" name="dpDataProcess" duration-ms="0" started-at="2017-11-05T10:41:29Z" data-provider="dp" finished-at="2017-11-05T10:41:29Z">
          <params>
            <param index="0">
              <value>
                <![CDATA[Head First Java]]>
              </value>
            </param>
            <param index="1">
              <value>
                <![CDATA[Kathy Serria]]>
              </value>
            </param>
            <param index="2">
              <value>
                <![CDATA[79]]>
              </value>
            </param>
          </params>
          <reporter-output>
          </reporter-output>
        </test-method> <!-- dpDataProcess -->
        <test-method status="PASS" signature="dpDataProcess(java.lang.String, java.lang.String, int)[pri:0, instance:com.org.CIBC.ParameterTest@9629756]" name="dpDataProcess" duration-ms="0" started-at="2017-11-05T10:41:29Z" data-provider="dp" finished-at="2017-11-05T10:41:29Z">
          <params>
            <param index="0">
              <value>
                <![CDATA[Clean Code]]>
              </value>
            </param>
            <param index="1">
              <value>
                <![CDATA[Robert martin]]>
              </value>
            </param>
            <param index="2">
              <value>
                <![CDATA[42]]>
              </value>
            </param>
          </params>
          <reporter-output>
          </reporter-output>
        </test-method> <!-- dpDataProcess -->
        <test-method status="PASS" signature="dpDataProcess(java.lang.String, java.lang.String, int)[pri:0, instance:com.org.CIBC.ParameterTest@9629756]" name="dpDataProcess" duration-ms="0" started-at="2017-11-05T10:41:29Z" data-provider="dp" finished-at="2017-11-05T10:41:29Z">
          <params>
            <param index="0">
              <value>
                <![CDATA[Thinking in Java]]>
              </value>
            </param>
            <param index="1">
              <value>
                <![CDATA[Bruce Eckel]]>
              </value>
            </param>
            <param index="2">
              <value>
                <![CDATA[35]]>
              </value>
            </param>
          </params>
          <reporter-output>
          </reporter-output>
        </test-method> <!-- dpDataProcess -->
        <test-method status="PASS" signature="getPropertyFileData()[pri:0, instance:com.org.CIBC.ParameterTest@9629756]" name="getPropertyFileData" duration-ms="1" started-at="2017-11-05T10:41:29Z" description="Property file data processing" finished-at="2017-11-05T10:41:29Z">
          <reporter-output>
          </reporter-output>
        </test-method> <!-- getPropertyFileData -->
        <test-method status="PASS" signature="processSheet(java.lang.String, java.lang.String)[pri:0, instance:com.org.CIBC.ParameterTest@9629756]" name="processSheet" duration-ms="1" started-at="2017-11-05T10:41:30Z" data-provider="excelDP" finished-at="2017-11-05T10:41:30Z">
          <params>
            <param index="0">
              <value>
                <![CDATA[user2]]>
              </value>
            </param>
            <param index="1">
              <value>
                <![CDATA[pwd2]]>
              </value>
            </param>
          </params>
          <reporter-output>
          </reporter-output>
        </test-method> <!-- processSheet -->
        <test-method status="PASS" signature="processSheet(java.lang.String, java.lang.String)[pri:0, instance:com.org.CIBC.ParameterTest@9629756]" name="processSheet" duration-ms="0" started-at="2017-11-05T10:41:30Z" data-provider="excelDP" finished-at="2017-11-05T10:41:30Z">
          <params>
            <param index="0">
              <value>
                <![CDATA[user1]]>
              </value>
            </param>
            <param index="1">
              <value>
                <![CDATA[pwd1]]>
              </value>
            </param>
          </params>
          <reporter-output>
          </reporter-output>
        </test-method> <!-- processSheet -->
        <test-method status="PASS" signature="processSheet(java.lang.String, java.lang.String)[pri:0, instance:com.org.CIBC.ParameterTest@9629756]" name="processSheet" duration-ms="0" started-at="2017-11-05T10:41:30Z" data-provider="excelDP" finished-at="2017-11-05T10:41:30Z">
          <params>
            <param index="0">
              <value>
                <![CDATA[user3]]>
              </value>
            </param>
            <param index="1">
              <value>
                <![CDATA[pwd3]]>
              </value>
            </param>
          </params>
          <reporter-output>
          </reporter-output>
        </test-method> <!-- processSheet -->
        <test-method status="PASS" signature="readXML()[pri:0, instance:com.org.CIBC.ParameterTest@9629756]" name="readXML" duration-ms="42" started-at="2017-11-05T10:41:30Z" finished-at="2017-11-05T10:41:30Z">
          <reporter-output>
          </reporter-output>
        </test-method> <!-- readXML -->
        <test-method status="PASS" signature="setPropertyFileData()[pri:0, instance:com.org.CIBC.ParameterTest@9629756]" name="setPropertyFileData" duration-ms="4" started-at="2017-11-05T10:41:30Z" finished-at="2017-11-05T10:41:30Z">
          <reporter-output>
          </reporter-output>
        </test-method> <!-- setPropertyFileData -->
        <test-method status="PASS" signature="writeSheet()[pri:0, instance:com.org.CIBC.ParameterTest@9629756]" name="writeSheet" duration-ms="121" started-at="2017-11-05T10:41:30Z" finished-at="2017-11-05T10:41:30Z">
          <reporter-output>
          </reporter-output>
        </test-method> <!-- writeSheet -->
        <test-method status="PASS" signature="writeXML()[pri:0, instance:com.org.CIBC.ParameterTest@9629756]" name="writeXML" duration-ms="72" started-at="2017-11-05T10:41:30Z" finished-at="2017-11-05T10:41:30Z">
          <reporter-output>
          </reporter-output>
        </test-method> <!-- writeXML -->
      </class> <!-- com.org.CIBC.ParameterTest -->
      <class name="com.org.CIBC.TestngDemo">
        <test-method status="PASS" signature="beforeTest()[pri:0, instance:com.org.CIBC.TestngDemo@7f9a81e8]" name="beforeTest" is-config="true" duration-ms="1" started-at="2017-11-05T10:41:29Z" finished-at="2017-11-05T10:41:29Z">
          <reporter-output>
          </reporter-output>
        </test-method> <!-- beforeTest -->
        <test-method status="PASS" signature="beforeTest()[pri:0, instance:com.org.CIBC.TestngDemo1@51081592]" name="beforeTest" is-config="true" duration-ms="0" started-at="2017-11-05T10:41:29Z" finished-at="2017-11-05T10:41:29Z">
          <reporter-output>
          </reporter-output>
        </test-method> <!-- beforeTest -->
        <test-method status="PASS" signature="beforeClass()[pri:0, instance:com.org.CIBC.TestngDemo@7f9a81e8]" name="beforeClass" is-config="true" duration-ms="0" started-at="2017-11-05T10:41:29Z" finished-at="2017-11-05T10:41:29Z">
          <reporter-output>
          </reporter-output>
        </test-method> <!-- beforeClass -->
        <test-method status="PASS" signature="beforeMethod()[pri:0, instance:com.org.CIBC.TestngDemo@7f9a81e8]" name="beforeMethod" is-config="true" duration-ms="1" started-at="2017-11-05T10:41:29Z" description="This method is to print something" finished-at="2017-11-05T10:41:29Z">
          <reporter-output>
          </reporter-output>
        </test-method> <!-- beforeMethod -->
        <test-method status="PASS" signature="test1()[pri:0, instance:com.org.CIBC.TestngDemo@7f9a81e8]" name="test1" duration-ms="1" started-at="2017-11-05T10:41:29Z" description="test1 to print something" finished-at="2017-11-05T10:41:29Z">
          <reporter-output>
          </reporter-output>
        </test-method> <!-- test1 -->
        <test-method status="PASS" signature="afterMethod()[pri:0, instance:com.org.CIBC.TestngDemo@7f9a81e8]" name="afterMethod" is-config="true" duration-ms="0" started-at="2017-11-05T10:41:29Z" finished-at="2017-11-05T10:41:29Z">
          <reporter-output>
          </reporter-output>
        </test-method> <!-- afterMethod -->
        <test-method status="PASS" signature="beforeMethod()[pri:0, instance:com.org.CIBC.TestngDemo@7f9a81e8]" name="beforeMethod" is-config="true" duration-ms="1" started-at="2017-11-05T10:41:29Z" description="This method is to print something" finished-at="2017-11-05T10:41:29Z">
          <reporter-output>
          </reporter-output>
        </test-method> <!-- beforeMethod -->
        <test-method status="FAIL" signature="test2()[pri:0, instance:com.org.CIBC.TestngDemo@7f9a81e8]" name="test2" duration-ms="2" started-at="2017-11-05T10:41:29Z" finished-at="2017-11-05T10:41:29Z">
          <exception class="java.lang.AssertionError">
            <message>
              <![CDATA[expected [2] but found [1]]]>
            </message>
            <full-stacktrace>
              <![CDATA[java.lang.AssertionError: expected [2] but found [1]
	at org.testng.Assert.fail(Assert.java:94)
	at org.testng.Assert.failNotEquals(Assert.java:513)
	at org.testng.Assert.assertEqualsImpl(Assert.java:135)
	at org.testng.Assert.assertEquals(Assert.java:116)
	at org.testng.Assert.assertEquals(Assert.java:389)
	at org.testng.Assert.assertEquals(Assert.java:399)
	at com.org.CIBC.TestngDemo.test2(TestngDemo.java:24)
	at sun.reflect.NativeMethodAccessorImpl.invoke0(Native Method)
	at sun.reflect.NativeMethodAccessorImpl.invoke(NativeMethodAccessorImpl.java:62)
	at sun.reflect.DelegatingMethodAccessorImpl.invoke(DelegatingMethodAccessorImpl.java:43)
	at java.lang.reflect.Method.invoke(Method.java:498)
	at org.testng.internal.MethodInvocationHelper.invokeMethod(MethodInvocationHelper.java:104)
	at org.testng.internal.Invoker.invokeMethod(Invoker.java:645)
	at org.testng.internal.Invoker.invokeTestMethod(Invoker.java:851)
	at org.testng.internal.Invoker.invokeTestMethods(Invoker.java:1177)
	at org.testng.internal.TestMethodWorker.invokeTestMethods(TestMethodWorker.java:129)
	at org.testng.internal.TestMethodWorker.run(TestMethodWorker.java:112)
	at org.testng.TestRunner.privateRun(TestRunner.java:756)
	at org.testng.TestRunner.run(TestRunner.java:610)
	at org.testng.SuiteRunner.runTest(SuiteRunner.java:387)
	at org.testng.SuiteRunner.runSequentially(SuiteRunner.java:382)
	at org.testng.SuiteRunner.privateRun(SuiteRunner.java:340)
	at org.testng.SuiteRunner.run(SuiteRunner.java:289)
	at org.testng.SuiteRunnerWorker.runSuite(SuiteRunnerWorker.java:52)
	at org.testng.SuiteRunnerWorker.run(SuiteRunnerWorker.java:86)
	at org.testng.TestNG.runSuitesSequentially(TestNG.java:1293)
	at org.testng.TestNG.runSuitesLocally(TestNG.java:1218)
	at org.testng.TestNG.runSuites(TestNG.java:1133)
	at org.testng.TestNG.run(TestNG.java:1104)
	at org.apache.maven.surefire.testng.TestNGExecutor.run(TestNGExecutor.java:77)
	at org.apache.maven.surefire.testng.TestNGDirectoryTestSuite.executeMulti(TestNGDirectoryTestSuite.java:159)
	at org.apache.maven.surefire.testng.TestNGDirectoryTestSuite.execute(TestNGDirectoryTestSuite.java:99)
	at org.apache.maven.surefire.testng.TestNGProvider.invoke(TestNGProvider.java:106)
	at sun.reflect.NativeMethodAccessorImpl.invoke0(Native Method)
	at sun.reflect.NativeMethodAccessorImpl.invoke(NativeMethodAccessorImpl.java:62)
	at sun.reflect.DelegatingMethodAccessorImpl.invoke(DelegatingMethodAccessorImpl.java:43)
	at java.lang.reflect.Method.invoke(Method.java:498)
	at org.apache.maven.surefire.util.ReflectionUtils.invokeMethodWithArray(ReflectionUtils.java:189)
	at org.apache.maven.surefire.booter.ProviderFactory$ProviderProxy.invoke(ProviderFactory.java:165)
	at org.apache.maven.surefire.booter.ProviderFactory.invokeProvider(ProviderFactory.java:85)
	at org.apache.maven.surefire.booter.ForkedBooter.runSuitesInProcess(ForkedBooter.java:115)
	at org.apache.maven.surefire.booter.ForkedBooter.main(ForkedBooter.java:75)
]]>
            </full-stacktrace>
          </exception> <!-- java.lang.AssertionError -->
          <reporter-output>
          </reporter-output>
        </test-method> <!-- test2 -->
        <test-method status="PASS" signature="afterMethod()[pri:0, instance:com.org.CIBC.TestngDemo@7f9a81e8]" name="afterMethod" is-config="true" duration-ms="0" started-at="2017-11-05T10:41:29Z" finished-at="2017-11-05T10:41:29Z">
          <reporter-output>
          </reporter-output>
        </test-method> <!-- afterMethod -->
        <test-method status="PASS" signature="beforeMethod()[pri:0, instance:com.org.CIBC.TestngDemo@7f9a81e8]" name="beforeMethod" is-config="true" duration-ms="1" started-at="2017-11-05T10:41:29Z" description="This method is to print something" finished-at="2017-11-05T10:41:29Z">
          <reporter-output>
          </reporter-output>
        </test-method> <!-- beforeMethod -->
        <test-method status="FAIL" signature="test5()[pri:0, instance:com.org.CIBC.TestngDemo@7f9a81e8]" name="test5" duration-ms="0" started-at="2017-11-05T10:41:29Z" finished-at="2017-11-05T10:41:29Z">
          <exception class="java.lang.AssertionError">
            <message>
              <![CDATA[expected [2] but found [1]]]>
            </message>
            <full-stacktrace>
              <![CDATA[java.lang.AssertionError: expected [2] but found [1]
	at org.testng.Assert.fail(Assert.java:94)
	at org.testng.Assert.failNotEquals(Assert.java:513)
	at org.testng.Assert.assertEqualsImpl(Assert.java:135)
	at org.testng.Assert.assertEquals(Assert.java:116)
	at org.testng.Assert.assertEquals(Assert.java:389)
	at org.testng.Assert.assertEquals(Assert.java:399)
	at com.org.CIBC.TestngDemo.test5(TestngDemo.java:37)
	at sun.reflect.NativeMethodAccessorImpl.invoke0(Native Method)
	at sun.reflect.NativeMethodAccessorImpl.invoke(NativeMethodAccessorImpl.java:62)
	at sun.reflect.DelegatingMethodAccessorImpl.invoke(DelegatingMethodAccessorImpl.java:43)
	at java.lang.reflect.Method.invoke(Method.java:498)
	at org.testng.internal.MethodInvocationHelper.invokeMethod(MethodInvocationHelper.java:104)
	at org.testng.internal.Invoker.invokeMethod(Invoker.java:645)
	at org.testng.internal.Invoker.invokeTestMethod(Invoker.java:851)
	at org.testng.internal.Invoker.invokeTestMethods(Invoker.java:1177)
	at org.testng.internal.TestMethodWorker.invokeTestMethods(TestMethodWorker.java:129)
	at org.testng.internal.TestMethodWorker.run(TestMethodWorker.java:112)
	at org.testng.TestRunner.privateRun(TestRunner.java:756)
	at org.testng.TestRunner.run(TestRunner.java:610)
	at org.testng.SuiteRunner.runTest(SuiteRunner.java:387)
	at org.testng.SuiteRunner.runSequentially(SuiteRunner.java:382)
	at org.testng.SuiteRunner.privateRun(SuiteRunner.java:340)
	at org.testng.SuiteRunner.run(SuiteRunner.java:289)
	at org.testng.SuiteRunnerWorker.runSuite(SuiteRunnerWorker.java:52)
	at org.testng.SuiteRunnerWorker.run(SuiteRunnerWorker.java:86)
	at org.testng.TestNG.runSuitesSequentially(TestNG.java:1293)
	at org.testng.TestNG.runSuitesLocally(TestNG.java:1218)
	at org.testng.TestNG.runSuites(TestNG.java:1133)
	at org.testng.TestNG.run(TestNG.java:1104)
	at org.apache.maven.surefire.testng.TestNGExecutor.run(TestNGExecutor.java:77)
	at org.apache.maven.surefire.testng.TestNGDirectoryTestSuite.executeMulti(TestNGDirectoryTestSuite.java:159)
	at org.apache.maven.surefire.testng.TestNGDirectoryTestSuite.execute(TestNGDirectoryTestSuite.java:99)
	at org.apache.maven.surefire.testng.TestNGProvider.invoke(TestNGProvider.java:106)
	at sun.reflect.NativeMethodAccessorImpl.invoke0(Native Method)
	at sun.reflect.NativeMethodAccessorImpl.invoke(NativeMethodAccessorImpl.java:62)
	at sun.reflect.DelegatingMethodAccessorImpl.invoke(DelegatingMethodAccessorImpl.java:43)
	at java.lang.reflect.Method.invoke(Method.java:498)
	at org.apache.maven.surefire.util.ReflectionUtils.invokeMethodWithArray(ReflectionUtils.java:189)
	at org.apache.maven.surefire.booter.ProviderFactory$ProviderProxy.invoke(ProviderFactory.java:165)
	at org.apache.maven.surefire.booter.ProviderFactory.invokeProvider(ProviderFactory.java:85)
	at org.apache.maven.surefire.booter.ForkedBooter.runSuitesInProcess(ForkedBooter.java:115)
	at org.apache.maven.surefire.booter.ForkedBooter.main(ForkedBooter.java:75)
]]>
            </full-stacktrace>
          </exception> <!-- java.lang.AssertionError -->
          <reporter-output>
          </reporter-output>
        </test-method> <!-- test5 -->
        <test-method status="PASS" signature="afterMethod()[pri:0, instance:com.org.CIBC.TestngDemo@7f9a81e8]" name="afterMethod" is-config="true" duration-ms="0" started-at="2017-11-05T10:41:29Z" finished-at="2017-11-05T10:41:29Z">
          <reporter-output>
          </reporter-output>
        </test-method> <!-- afterMethod -->
        <test-method status="SKIP" signature="test4()[pri:0, instance:com.org.CIBC.TestngDemo@7f9a81e8]" name="test4" duration-ms="0" started-at="2017-11-05T10:41:30Z" depends-on-methods="com.org.CIBC.TestngDemo.test5" finished-at="2017-11-05T10:41:30Z">
          <exception class="java.lang.Throwable">
            <message>
              <![CDATA[Method TestngDemo.test4()[pri:0, instance:com.org.CIBC.TestngDemo@7f9a81e8] depends on not successfully finished methods]]>
            </message>
            <full-stacktrace>
              <![CDATA[java.lang.Throwable: Method TestngDemo.test4()[pri:0, instance:com.org.CIBC.TestngDemo@7f9a81e8] depends on not successfully finished methods
	at org.testng.internal.Invoker.invokeTestMethods(Invoker.java:1068)
	at org.testng.internal.TestMethodWorker.invokeTestMethods(TestMethodWorker.java:129)
	at org.testng.internal.TestMethodWorker.run(TestMethodWorker.java:112)
	at org.testng.TestRunner.privateRun(TestRunner.java:756)
	at org.testng.TestRunner.run(TestRunner.java:610)
	at org.testng.SuiteRunner.runTest(SuiteRunner.java:387)
	at org.testng.SuiteRunner.runSequentially(SuiteRunner.java:382)
	at org.testng.SuiteRunner.privateRun(SuiteRunner.java:340)
	at org.testng.SuiteRunner.run(SuiteRunner.java:289)
	at org.testng.SuiteRunnerWorker.runSuite(SuiteRunnerWorker.java:52)
	at org.testng.SuiteRunnerWorker.run(SuiteRunnerWorker.java:86)
	at org.testng.TestNG.runSuitesSequentially(TestNG.java:1293)
	at org.testng.TestNG.runSuitesLocally(TestNG.java:1218)
	at org.testng.TestNG.runSuites(TestNG.java:1133)
	at org.testng.TestNG.run(TestNG.java:1104)
	at org.apache.maven.surefire.testng.TestNGExecutor.run(TestNGExecutor.java:77)
	at org.apache.maven.surefire.testng.TestNGDirectoryTestSuite.executeMulti(TestNGDirectoryTestSuite.java:159)
	at org.apache.maven.surefire.testng.TestNGDirectoryTestSuite.execute(TestNGDirectoryTestSuite.java:99)
	at org.apache.maven.surefire.testng.TestNGProvider.invoke(TestNGProvider.java:106)
	at sun.reflect.NativeMethodAccessorImpl.invoke0(Native Method)
	at sun.reflect.NativeMethodAccessorImpl.invoke(NativeMethodAccessorImpl.java:62)
	at sun.reflect.DelegatingMethodAccessorImpl.invoke(DelegatingMethodAccessorImpl.java:43)
	at java.lang.reflect.Method.invoke(Method.java:498)
	at org.apache.maven.surefire.util.ReflectionUtils.invokeMethodWithArray(ReflectionUtils.java:189)
	at org.apache.maven.surefire.booter.ProviderFactory$ProviderProxy.invoke(ProviderFactory.java:165)
	at org.apache.maven.surefire.booter.ProviderFactory.invokeProvider(ProviderFactory.java:85)
	at org.apache.maven.surefire.booter.ForkedBooter.runSuitesInProcess(ForkedBooter.java:115)
	at org.apache.maven.surefire.booter.ForkedBooter.main(ForkedBooter.java:75)
]]>
            </full-stacktrace>
          </exception> <!-- java.lang.Throwable -->
          <reporter-output>
          </reporter-output>
        </test-method> <!-- test4 -->
        <test-method status="SKIP" signature="test3()[pri:0, instance:com.org.CIBC.TestngDemo@7f9a81e8]" name="test3" duration-ms="0" depends-on-groups="Regression" started-at="2017-11-05T10:41:30Z" finished-at="2017-11-05T10:41:30Z">
          <exception class="java.lang.Throwable">
            <message>
              <![CDATA[Method TestngDemo.test3()[pri:0, instance:com.org.CIBC.TestngDemo@7f9a81e8] depends on not successfully finished methods in group "Regression"]]>
            </message>
            <full-stacktrace>
              <![CDATA[java.lang.Throwable: Method TestngDemo.test3()[pri:0, instance:com.org.CIBC.TestngDemo@7f9a81e8] depends on not successfully finished methods in group "Regression"
	at org.testng.internal.Invoker.invokeTestMethods(Invoker.java:1068)
	at org.testng.internal.TestMethodWorker.invokeTestMethods(TestMethodWorker.java:129)
	at org.testng.internal.TestMethodWorker.run(TestMethodWorker.java:112)
	at org.testng.TestRunner.privateRun(TestRunner.java:756)
	at org.testng.TestRunner.run(TestRunner.java:610)
	at org.testng.SuiteRunner.runTest(SuiteRunner.java:387)
	at org.testng.SuiteRunner.runSequentially(SuiteRunner.java:382)
	at org.testng.SuiteRunner.privateRun(SuiteRunner.java:340)
	at org.testng.SuiteRunner.run(SuiteRunner.java:289)
	at org.testng.SuiteRunnerWorker.runSuite(SuiteRunnerWorker.java:52)
	at org.testng.SuiteRunnerWorker.run(SuiteRunnerWorker.java:86)
	at org.testng.TestNG.runSuitesSequentially(TestNG.java:1293)
	at org.testng.TestNG.runSuitesLocally(TestNG.java:1218)
	at org.testng.TestNG.runSuites(TestNG.java:1133)
	at org.testng.TestNG.run(TestNG.java:1104)
	at org.apache.maven.surefire.testng.TestNGExecutor.run(TestNGExecutor.java:77)
	at org.apache.maven.surefire.testng.TestNGDirectoryTestSuite.executeMulti(TestNGDirectoryTestSuite.java:159)
	at org.apache.maven.surefire.testng.TestNGDirectoryTestSuite.execute(TestNGDirectoryTestSuite.java:99)
	at org.apache.maven.surefire.testng.TestNGProvider.invoke(TestNGProvider.java:106)
	at sun.reflect.NativeMethodAccessorImpl.invoke0(Native Method)
	at sun.reflect.NativeMethodAccessorImpl.invoke(NativeMethodAccessorImpl.java:62)
	at sun.reflect.DelegatingMethodAccessorImpl.invoke(DelegatingMethodAccessorImpl.java:43)
	at java.lang.reflect.Method.invoke(Method.java:498)
	at org.apache.maven.surefire.util.ReflectionUtils.invokeMethodWithArray(ReflectionUtils.java:189)
	at org.apache.maven.surefire.booter.ProviderFactory$ProviderProxy.invoke(ProviderFactory.java:165)
	at org.apache.maven.surefire.booter.ProviderFactory.invokeProvider(ProviderFactory.java:85)
	at org.apache.maven.surefire.booter.ForkedBooter.runSuitesInProcess(ForkedBooter.java:115)
	at org.apache.maven.surefire.booter.ForkedBooter.main(ForkedBooter.java:75)
]]>
            </full-stacktrace>
          </exception> <!-- java.lang.Throwable -->
          <reporter-output>
          </reporter-output>
        </test-method> <!-- test3 -->
        <test-method status="PASS" signature="afterClass()[pri:0, instance:com.org.CIBC.TestngDemo@7f9a81e8]" name="afterClass" is-config="true" duration-ms="0" started-at="2017-11-05T10:41:30Z" finished-at="2017-11-05T10:41:30Z">
          <reporter-output>
          </reporter-output>
        </test-method> <!-- afterClass -->
        <test-method status="PASS" signature="afterTest()[pri:0, instance:com.org.CIBC.TestngDemo1@51081592]" name="afterTest" is-config="true" duration-ms="0" started-at="2017-11-05T10:41:30Z" finished-at="2017-11-05T10:41:30Z">
          <reporter-output>
          </reporter-output>
        </test-method> <!-- afterTest -->
        <test-method status="PASS" signature="afterTest()[pri:0, instance:com.org.CIBC.TestngDemo@7f9a81e8]" name="afterTest" is-config="true" duration-ms="0" started-at="2017-11-05T10:41:30Z" finished-at="2017-11-05T10:41:30Z">
          <reporter-output>
          </reporter-output>
        </test-method> <!-- afterTest -->
        <test-method status="PASS" signature="afterSuite()[pri:0, instance:com.org.CIBC.TestngDemo1@51081592]" name="afterSuite" is-config="true" duration-ms="1" started-at="2017-11-05T10:41:30Z" finished-at="2017-11-05T10:41:30Z">
          <reporter-output>
          </reporter-output>
        </test-method> <!-- afterSuite -->
        <test-method status="PASS" signature="afterSuite()[pri:0, instance:com.org.CIBC.TestngDemo@7f9a81e8]" name="afterSuite" is-config="true" duration-ms="0" started-at="2017-11-05T10:41:30Z" finished-at="2017-11-05T10:41:30Z">
          <reporter-output>
          </reporter-output>
        </test-method> <!-- afterSuite -->
      </class> <!-- com.org.CIBC.TestngDemo -->
    </test> <!-- Command line test -->
  </suite> <!-- Command line suite -->
</testng-results>
